Warning[2066] C:\Users\Leon\Documents\Embedded Cores\Shenkar\ClockProject\main.c 615 : type qualifier mismatch in assignment
Warning[2054] C:\Users\Leon\Documents\Embedded Cores\Shenkar\ClockProject\main.c 616 : suspicious pointer conversion
Warning[2058] C:\Users\Leon\Documents\Embedded Cores\Shenkar\ClockProject\main.c 671 : call of function without prototype
Warning[2058] C:\Users\Leon\Documents\Embedded Cores\Shenkar\ClockProject\main.c 682 : call of function without prototype
Warning[2066] C:\Users\Leon\Documents\Embedded Cores\Shenkar\ClockProject\main.c 688 : type qualifier mismatch in assignment
Warning[2054] C:\Users\Leon\Documents\Embedded Cores\Shenkar\ClockProject\main.c 691 : suspicious pointer conversion
Warning[2054] C:\Users\Leon\Documents\Embedded Cores\Shenkar\ClockProject\main.c 699 : suspicious pointer conversion
Warning[2058] C:\Users\Leon\Documents\Embedded Cores\Shenkar\ClockProject\main.c 715 : call of function without prototype
Warning[2058] C:\Users\Leon\Documents\Embedded Cores\Shenkar\ClockProject\main.c 725 : call of function without prototype
Warning[2058] C:\Users\Leon\Documents\Embedded Cores\Shenkar\ClockProject\main.c 756 : call of function without prototype
Warning[2058] C:\Users\Leon\Documents\Embedded Cores\Shenkar\ClockProject\main.c 832 : call of function without prototype
Warning[2058] C:\Users\Leon\Documents\Embedded Cores\Shenkar\ClockProject\main.c 842 : call of function without prototype
Warning[2058] C:\Users\Leon\Documents\Embedded Cores\Shenkar\ClockProject\main.c 888 : call of function without prototype
Warning[2058] C:\Users\Leon\Documents\Embedded Cores\Shenkar\ClockProject\main.c 905 : call of function without prototype
Warning[2058] C:\Users\Leon\Documents\Embedded Cores\Shenkar\ClockProject\main.c 915 : call of function without prototype
Warning[2058] C:\Users\Leon\Documents\Embedded Cores\Shenkar\ClockProject\main.c 953 : call of function without prototype
Warning[2058] C:\Users\Leon\Documents\Embedded Cores\Shenkar\ClockProject\main.c 962 : call of function without prototype
Warning[2058] C:\Users\Leon\Documents\Embedded Cores\Shenkar\ClockProject\main.c 979 : call of function without prototype
Warning[2058] C:\Users\Leon\Documents\Embedded Cores\Shenkar\ClockProject\main.c 1002 : call of function without prototype
Warning[2058] C:\Users\Leon\Documents\Embedded Cores\Shenkar\ClockProject\main.c 1011 : call of function without prototype
Warning[2058] C:\Users\Leon\Documents\Embedded Cores\Shenkar\ClockProject\main.c 1026 : call of function without prototype
Warning[2058] C:\Users\Leon\Documents\Embedded Cores\Shenkar\ClockProject\main.c 1035 : call of function without prototype
Warning[2066] C:\Users\Leon\Documents\Embedded Cores\Shenkar\ClockProject\main.c 1090 : type qualifier mismatch in assignment
Warning[2054] C:\Users\Leon\Documents\Embedded Cores\Shenkar\ClockProject\main.c 1091 : suspicious pointer conversion
Warning[2058] C:\Users\Leon\Documents\Embedded Cores\Shenkar\ClockProject\main.c 1095 : call of function without prototype
Warning[2058] C:\Users\Leon\Documents\Embedded Cores\Shenkar\ClockProject\main.c 1107 : call of function without prototype
Warning[2058] C:\Users\Leon\Documents\Embedded Cores\Shenkar\ClockProject\main.c 1127 : call of function without prototype
Warning[2058] C:\Users\Leon\Documents\Embedded Cores\Shenkar\ClockProject\main.c 1128 : call of function without prototype
Warning[2058] C:\Users\Leon\Documents\Embedded Cores\Shenkar\ClockProject\main.c 1129 : call of function without prototype
Warning[2058] C:\Users\Leon\Documents\Embedded Cores\Shenkar\ClockProject\main.c 1138 : call of function without prototype
Warning[2058] C:\Users\Leon\Documents\Embedded Cores\Shenkar\ClockProject\main.c 1147 : call of function without prototype
Warning[2058] C:\Users\Leon\Documents\Embedded Cores\Shenkar\ClockProject\main.c 1156 : call of function without prototype
Warning[2058] C:\Users\Leon\Documents\Embedded Cores\Shenkar\ClockProject\main.c 1165 : call of function without prototype
Warning[2058] C:\Users\Leon\Documents\Embedded Cores\Shenkar\ClockProject\main.c 1185 : call of function without prototype
Warning[2058] C:\Users\Leon\Documents\Embedded Cores\Shenkar\ClockProject\main.c 1207 : call of function without prototype
Warning[2066] C:\Users\Leon\Documents\Embedded Cores\Shenkar\ClockProject\main.c 1238 : type qualifier mismatch in assignment
Warning[2054] C:\Users\Leon\Documents\Embedded Cores\Shenkar\ClockProject\main.c 1239 : suspicious pointer conversion
Warning[2058] C:\Users\Leon\Documents\Embedded Cores\Shenkar\ClockProject\main.c 1243 : call of function without prototype
Warning[2058] C:\Users\Leon\Documents\Embedded Cores\Shenkar\ClockProject\main.c 1254 : call of function without prototype
Warning[2058] C:\Users\Leon\Documents\Embedded Cores\Shenkar\ClockProject\main.c 1273 : call of function without prototype
Warning[2058] C:\Users\Leon\Documents\Embedded Cores\Shenkar\ClockProject\main.c 1274 : call of function without prototype
Warning[2058] C:\Users\Leon\Documents\Embedded Cores\Shenkar\ClockProject\main.c 1285 : call of function without prototype
Warning[2058] C:\Users\Leon\Documents\Embedded Cores\Shenkar\ClockProject\main.c 1306 : call of function without prototype
Warning[2058] C:\Users\Leon\Documents\Embedded Cores\Shenkar\ClockProject\main.c 1315 : call of function without prototype
Warning[2058] C:\Users\Leon\Documents\Embedded Cores\Shenkar\ClockProject\main.c 1336 : call of function without prototype
Warning[2058] C:\Users\Leon\Documents\Embedded Cores\Shenkar\ClockProject\main.c 1349 : call of function without prototype
Warning[2058] C:\Users\Leon\Documents\Embedded Cores\Shenkar\ClockProject\main.c 1355 : call of function without prototype
Warning[2058] C:\Users\Leon\Documents\Embedded Cores\Shenkar\ClockProject\main.c 1361 : call of function without prototype
Warning[2058] C:\Users\Leon\Documents\Embedded Cores\Shenkar\ClockProject\main.c 1367 : call of function without prototype
Warning[2058] C:\Users\Leon\Documents\Embedded Cores\Shenkar\ClockProject\main.c 1373 : call of function without prototype
Warning[2058] C:\Users\Leon\Documents\Embedded Cores\Shenkar\ClockProject\main.c 1379 : call of function without prototype
Warning[2058] C:\Users\Leon\Documents\Embedded Cores\Shenkar\ClockProject\main.c 1385 : call of function without prototype
Warning[2058] C:\Users\Leon\Documents\Embedded Cores\Shenkar\ClockProject\main.c 1393 : call of function without prototype
Warning[2058] C:\Users\Leon\Documents\Embedded Cores\Shenkar\ClockProject\main.c 1421 : call of function without prototype
Warning[2058] C:\Users\Leon\Documents\Embedded Cores\Shenkar\ClockProject\main.c 1430 : call of function without prototype
Warning[2058] C:\Users\Leon\Documents\Embedded Cores\Shenkar\ClockProject\main.c 1442 : call of function without prototype
Warning[2058] C:\Users\Leon\Documents\Embedded Cores\Shenkar\ClockProject\main.c 1446 : call of function without prototype
Warning[2058] C:\Users\Leon\Documents\Embedded Cores\Shenkar\ClockProject\main.c 1457 : call of function without prototype
Warning[2058] C:\Users\Leon\Documents\Embedded Cores\Shenkar\ClockProject\main.c 1496 : call of function without prototype
Warning[2058] C:\Users\Leon\Documents\Embedded Cores\Shenkar\ClockProject\main.c 1498 : call of function without prototype
Warning[2058] C:\Users\Leon\Documents\Embedded Cores\Shenkar\ClockProject\main.c 1520 : call of function without prototype
Warning[2065] C:\Users\Leon\Documents\Embedded Cores\Shenkar\ClockProject\main.c 1520 : static function 'YourLowPriorityISRCode' never referenced
Warning[2065] C:\Users\Leon\Documents\Embedded Cores\Shenkar\ClockProject\main.c 1520 : static function 'YourHighPriorityISRCode' never referenced
Warning[2065] C:\Users\Leon\Documents\Embedded Cores\Shenkar\ClockProject\main.c 1520 : static function 'YourLowPriorityISRCode' never referenced
Warning[2065] C:\Users\Leon\Documents\Embedded Cores\Shenkar\ClockProject\main.c 1520 : static function 'YourHighPriorityISRCode' never referenced
Warning[2064] C:\Users\Leon\Documents\Embedded Cores\Shenkar\ClockProject\main.c 1520 : static function 'ProcessIO' not defined
